{"ip":"::1","level":"info","message":"Login exitoso","username":null}
{"ip":"::1","level":"error","message":"Error interno del servidor","username":null}
{"ip":"::1","level":"info","message":"Login exitoso","username":null}
{"ip":"::1","level":"info","message":"Login desde dispositivo nuevo","username":null}
{"ip":"::1","level":"info","message":"Login exitoso","username":null}
{"ip":"::1","level":"error","message":"Error interno del servidor","username":null}
{"ip":"::1","level":"info","message":"Login exitoso","username":null}
{"ip":"::1","level":"info","message":"Login desde dispositivo nuevo","username":null}
{"ip":"::1","level":"info","message":"Login exitoso","username":null}
{"ip":"::1","level":"info","message":"Login desde dispositivo nuevo","username":null}
{"ip":"::1","level":"info","message":"Login exitoso","username":null}
{"ip":"::1","level":"info","message":"Login desde dispositivo nuevo","username":null}
{"ip":"::1","level":"info","message":"Login exitoso","username":null}
{"ip":"::1","level":"info","message":"Login desde dispositivo nuevo","username":null}
{"ip":"::1","level":"info","message":"Login exitoso","username":null}
{"ip":"::1","level":"info","message":"Login desde dispositivo nuevo","username":null}
{"ip":"::1","level":"info","message":"Verificación de dispositivo fallida - código incorrecto o expirado","username":null}
{"ip":"::1","level":"info","message":"Login exitoso","username":null}
{"ip":"::1","level":"info","message":"Login desde dispositivo nuevo","username":null}
{"ip":"::1","level":"info","message":"Verificación de dispositivo fallida - código incorrecto o expirado","username":null}
{"ip":"::1","level":"info","message":"Login exitoso","username":null}
{"ip":"::1","level":"info","message":"Login desde dispositivo nuevo","username":null}
{"ip":"::1","level":"info","message":"Login exitoso","username":null}
{"ip":"::1","level":"info","message":"Login exitoso","username":null}
{"ip":"::1","level":"info","message":"Login desde dispositivo nuevo","username":null}
{"ip":"::1","level":"info","message":"Login exitoso","username":null}
{"ip":"::1","level":"info","message":"Login desde dispositivo nuevo","username":null}
{"ip":"::1","level":"error","message":"Error interno del servidor","username":null}
{"ip":"::1","level":"info","message":"Login exitoso","username":null}
{"ip":"::1","level":"info","message":"Login desde dispositivo nuevo","username":null}
{"ip":"::1","level":"info","message":"Login exitoso","username":null}
{"ip":"::1","level":"info","message":"Login desde dispositivo nuevo","username":null}
{"ip":"::1","level":"error","message":"Error interno del servidor","username":null}
{"ip":"::1","level":"info","message":"Login exitoso","username":null}
{"ip":"::1","level":"info","message":"Login desde dispositivo nuevo","username":null}
{"ip":"::1","level":"info","message":"Verificación de dispositivo fallida - código incorrecto o expirado","username":null}
{"ip":"::1","level":"info","message":"Login exitoso","username":null}
{"ip":"::1","level":"info","message":"Login desde dispositivo nuevo","username":null}
{"ip":"::1","level":"info","message":"Verificación de dispositivo exitosa","username":null}
{"ip":"::1","level":"warn","message":"Registro fallido - usuario ya existe","username":null}
{"ip":"::1","level":"warn","message":"Registro fallido - usuario ya existe","username":null}
{"ip":"::1","level":"warn","message":"Registro fallido - usuario ya existe","username":null}
{"ip":"::1","level":"warn","message":"Registro fallido - usuario ya existe","username":null}
{"ip":"::1","level":"warn","message":"Registro fallido - usuario ya existe","username":null}
{"ip":"::1","level":"error","message":"notNull Violation: Users.uuid cannot be null","username":null}
{"ip":"::1","level":"info","message":"Registro exitoso","username":null}
{"ip":"::1","level":"error","message":"user is not defined","username":null}
{"ip":"::1","level":"info","message":"Registro exitoso","username":null}
{"ip":"::1","level":"error","message":"user is not defined","username":null}
{"ip":"::1","level":"info","message":"Registro exitoso","username":null}
{"ip":"::1","level":"error","message":"Cannot access 'createAccessCode' before initialization","username":null}
{"ip":"::1","level":"info","message":"Registro exitoso","username":null}
{"ip":"::1","level":"info","message":"Login desde dispositivo nuevo","username":null}
{"ip":"::1","level":"info","message":"Login desde dispositivo nuevo","username":null}
{"ip":"::1","level":"info","message":"Login desde dispositivo nuevo","username":null}
{"ip":"::1","level":"error","message":"ASas is not defined","username":null}
{"ip":"::1","level":"error","message":"asasas is not defined","username":null}
{"ip":"::1","level":"error","message":"No se pudo crear el código de acceso","username":null}
{"ip":"::1","level":"error","message":"asasas is not defined","username":null}
{"ip":"::1","level":"error","message":"No se pudo crear el código de acceso","username":null}
{"ip":"::1","level":"info","message":"Login desde dispositivo nuevo","username":null}
{"ip":"::1","level":"info","message":"Verificación de dispositivo exitosa","username":null}
{"ip":"::1","level":"info","message":"Login exitoso","username":null}
{"ip":"::1","level":"info","message":"Login fallido - contraseña incorrecta","username":null}
{"ip":"::1","level":"info","message":"Login exitoso","username":null}
{"ip":"::1","level":"info","message":"Login desde dispositivo nuevo","username":null}
{"ip":"::1","level":"info","message":"Verificación de dispositivo exitosa","username":null}
{"ip":"::1","level":"info","message":"Login exitoso","username":null}
{"ip":"::1","level":"info","message":"Login exitoso","username":null}
{"ip":"::1","level":"info","message":"Login desde dispositivo nuevo","username":null}
{"ip":"::1","level":"info","message":"Verificación de dispositivo exitosa","username":null}
{"ip":"::1","level":"info","message":"Login desde dispositivo nuevo","username":null}
{"ip":"::1","level":"info","message":"Verificación de dispositivo exitosa","username":null}
{"ip":"::1","level":"info","message":"Login desde dispositivo nuevo","username":null}
{"ip":"::1","level":"info","message":"Verificación de dispositivo exitosa","username":null}
{"ip":"::1","level":"info","message":"Login exitoso","username":null}
{"ip":"::1","level":"info","message":"Login exitoso","username":null}
{"ip":"::1","level":"info","message":"Login desde dispositivo nuevo","username":null}
{"ip":"::1","level":"info","message":"Verificación de dispositivo exitosa","username":null}
{"ip":"::1","level":"info","message":"Login exitoso","username":null}
{"ip":"::1","level":"error","message":"Error interno del servidor","username":null}
{"ip":"::1","level":"info","message":"Login exitoso","username":null}
{"ip":"::1","level":"info","message":"Login desde dispositivo nuevo","username":null}
{"ip":"::1","level":"info","message":"Verificación de dispositivo exitosa","username":null}
{"ip":"::1","level":"info","message":"Login exitoso","username":null}
{"ip":"::1","level":"info","message":"Login exitoso","username":null}
{"ip":"::1","level":"info","message":"Login exitoso","username":null}
{"ip":"::1","level":"info","message":"Login desde dispositivo nuevo","username":null}
{"ip":"::1","level":"info","message":"Verificación de dispositivo exitosa","username":null}
{"ip":"::1","level":"info","message":"Login exitoso","username":null}
{"ip":"::1","level":"info","message":"Login desde dispositivo nuevo","username":null}
{"ip":"::1","level":"info","message":"Verificación de dispositivo fallida - código incorrecto o expirado","username":null}
{"ip":"::1","level":"warn","message":"Verificación de dispositivo fallida - datos incompletos","username":null}
{"ip":"::1","level":"warn","message":"Verificación de dispositivo fallida - datos incompletos","username":null}
{"ip":"::1","level":"info","message":"Login exitoso","username":null}
{"ip":"::1","level":"info","message":"Login desde dispositivo nuevo","username":null}
{"ip":"::1","level":"info","message":"Verificación de dispositivo exitosa","username":null}
{"ip":"::1","level":"error","message":"Unknown column 'usuario' in 'field list'","username":"diosito"}
{"ip":"::1","level":"error","message":"Unknown column 'usuario' in 'field list'","username":"diosito"}
{"ip":"::1","level":"error","message":"Unknown column 'status' in 'field list'","username":"diosito"}
{"ip":"::1","level":"error","message":"Unknown column 'status' in 'field list'","username":"diosito"}
{"ip":"::1","level":"error","message":"t is not defined","username":"diosito"}
{"ip":"::1","level":"error","message":"t is not defined","username":"diosito"}
{"ip":"::1","level":"error","message":"You have an error in your SQL syntax; check the manual that corresponds to your MariaDB server version for the right syntax to use near '' at line 7","username":"diosito"}
{"ip":"::1","level":"error","message":"You have an error in your SQL syntax; check the manual that corresponds to your MariaDB server version for the right syntax to use near '' at line 7","username":"diosito"}
{"ip":"::1","level":"error","message":"Table 'tdt.user_devices' doesn't exist","username":"diosito"}
{"ip":"::1","level":"error","message":"Table 'tdt.user_devices' doesn't exist","username":"diosito"}
{"ip":"::1","level":"error","message":"Unknown column 'u.user' in 'field list'","username":"diosito"}
{"ip":"::1","level":"error","message":"Unknown column 'u.user' in 'field list'","username":"diosito"}
{"ip":"::1","level":"error","message":"Unknown column 'u.user' in 'field list'","username":"diosito"}
{"ip":"::1","level":"error","message":"Unknown column 'u.user' in 'field list'","username":"diosito"}
{"ip":"::1","level":"error","message":"FUNCTION tdt.json_agg does not exist","username":"diosito"}
{"ip":"::1","level":"error","message":"FUNCTION tdt.json_agg does not exist","username":"diosito"}
{"ip":"::1","level":"error","message":"FUNCTION tdt.JSON_OBJECT_AGG does not exist","username":"diosito"}
{"ip":"::1","level":"error","message":"FUNCTION tdt.JSON_OBJECT_AGG does not exist","username":"diosito"}
{"ip":"::1","level":"error","message":"FUNCTION tdt.JSON_BUILD_OBJECT does not exist","username":"diosito"}
{"ip":"::1","level":"error","message":"FUNCTION tdt.JSON_BUILD_OBJECT does not exist","username":"diosito"}
{"ip":"::1","level":"error","message":"Incorrect parameter count in the call to native function 'JSON_OBJECT'","username":"diosito"}
{"ip":"::1","level":"error","message":"Incorrect parameter count in the call to native function 'JSON_OBJECT'","username":"diosito"}
{"ip":"::1","level":"error","message":"Subquery returns more than 1 row","username":"diosito"}
{"ip":"::1","level":"error","message":"Subquery returns more than 1 row","username":"diosito"}
{"ip":"::1","level":"info","message":"Perfil cargado","username":"diosito"}
{"ip":"::1","level":"info","message":"Perfil cargado","username":"diosito"}
{"ip":"::1","level":"error","message":"FUNCTION tdt.JSON_ARRAYAGG does not exist","username":"diosito"}
{"ip":"::1","level":"error","message":"FUNCTION tdt.JSON_ARRAYAGG does not exist","username":"diosito"}
{"ip":"::1","level":"info","message":"Perfil cargado","username":"diosito"}
{"ip":"::1","level":"info","message":"Perfil cargado","username":"diosito"}
{"ip":"::1","level":"info","message":"Perfil cargado","username":"diosito"}
{"ip":"::1","level":"info","message":"Perfil cargado","username":"diosito"}
{"ip":"::1","level":"info","message":"Perfil cargado","username":"diosito"}
{"ip":"::1","level":"info","message":"Perfil cargado","username":"diosito"}
{"ip":"::1","level":"info","message":"Perfil cargado","username":"diosito"}
{"ip":"::1","level":"info","message":"Perfil cargado","username":"diosito"}
{"ip":"::1","level":"info","message":"Perfil cargado","username":"diosito"}
{"ip":"::1","level":"info","message":"Perfil cargado","username":"diosito"}
{"ip":"::1","level":"info","message":"Perfil cargado","username":"diosito"}
{"ip":"::1","level":"info","message":"Perfil cargado","username":"diosito"}
{"ip":"::1","level":"info","message":"Perfil cargado","username":"diosito"}
{"ip":"::1","level":"info","message":"Perfil cargado","username":"diosito"}
{"ip":"::1","level":"info","message":"Perfil cargado","username":"diosito"}
{"ip":"::1","level":"info","message":"Perfil cargado","username":"diosito"}
{"ip":"::1","level":"info","message":"Perfil cargado","username":"diosito"}
{"ip":"::1","level":"info","message":"Perfil cargado","username":"diosito"}
{"ip":"::1","level":"info","message":"Perfil cargado","username":"diosito"}
{"ip":"::1","level":"info","message":"Perfil cargado","username":"diosito"}
{"ip":"::1","level":"info","message":"Perfil cargado","username":"diosito"}
{"ip":"::1","level":"info","message":"Perfil cargado","username":"diosito"}
{"ip":"::1","level":"info","message":"Perfil cargado","username":"diosito"}
{"ip":"::1","level":"info","message":"Perfil cargado","username":"diosito"}
{"ip":"::1","level":"info","message":"Perfil cargado","username":"diosito"}
{"ip":"::1","level":"info","message":"Perfil cargado","username":"diosito"}
{"ip":"::1","level":"info","message":"Perfil cargado","username":"diosito"}
{"ip":"::1","level":"info","message":"Perfil cargado","username":"diosito"}
{"ip":"::1","level":"info","message":"Perfil cargado","username":"diosito"}
{"ip":"::1","level":"info","message":"Perfil cargado","username":"diosito"}
{"ip":"::1","level":"info","message":"Perfil cargado","username":"diosito"}
{"ip":"::1","level":"info","message":"Perfil cargado","username":"diosito"}
{"ip":"::1","level":"info","message":"Perfil cargado","username":"diosito"}
{"ip":"::1","level":"info","message":"Perfil cargado","username":"diosito"}
{"ip":"::1","level":"info","message":"Perfil cargado","username":"diosito"}
{"ip":"::1","level":"info","message":"Perfil cargado","username":"diosito"}
{"ip":"::1","level":"info","message":"Perfil cargado","username":"diosito"}
{"ip":"::1","level":"info","message":"Perfil cargado","username":"diosito"}
{"ip":"::1","level":"info","message":"Perfil cargado","username":"diosito"}
{"ip":"::1","level":"info","message":"Perfil cargado","username":"diosito"}
{"ip":"::1","level":"info","message":"Perfil cargado","username":"diosito"}
{"ip":"::1","level":"info","message":"Perfil cargado","username":"diosito"}
{"ip":"::1","level":"info","message":"Perfil cargado","username":"diosito"}
{"ip":"::1","level":"error","message":"ENOENT: no such file or directory, stat 'C:\\Users\\dnlto\\OneDrive\\Documentos\\tdt3\\backend\\GeoLite2-Country.mmdb'","username":"diosito"}
{"ip":"::1","level":"error","message":"ENOENT: no such file or directory, stat 'C:\\Users\\dnlto\\OneDrive\\Documentos\\tdt3\\backend\\GeoLite2-Country.mmdb'","username":"diosito"}
{"ip":"::1","level":"error","message":"ENOENT: no such file or directory, stat 'C:\\Users\\dnlto\\OneDrive\\Documentos\\tdt3\\backend\\GeoLite2-Country.mmdb'","username":"diosito"}
{"ip":"::1","level":"error","message":"ENOENT: no such file or directory, stat 'C:\\Users\\dnlto\\OneDrive\\Documentos\\tdt3\\backend\\GeoLite2-Country.mmdb'","username":"diosito"}
{"ip":"::1","level":"error","message":"geo is not defined","username":"diosito"}
{"ip":"::1","level":"error","message":"geo is not defined","username":"diosito"}
{"ip":"::1","level":"error","message":"Named replacement \":country\" has no entry in the replacement map.","username":"diosito"}
{"ip":"::1","level":"error","message":"Named replacement \":country\" has no entry in the replacement map.","username":"diosito"}
{"ip":"::1","level":"error","message":"Named replacement \":country\" has no entry in the replacement map.","username":"diosito"}
{"ip":"::1","level":"error","message":"Named replacement \":country\" has no entry in the replacement map.","username":"diosito"}
{"ip":"::1","level":"error","message":"Named replacement \":country\" has no entry in the replacement map.","username":"diosito"}
{"ip":"::1","level":"error","message":"Named replacement \":country\" has no entry in the replacement map.","username":"diosito"}
{"ip":"::1","level":"error","message":"Positional replacement (?) 0 has no entry in the replacement map (replacements[0] is undefined).","username":"diosito"}
{"ip":"::1","level":"error","message":"Positional replacement (?) 0 has no entry in the replacement map (replacements[0] is undefined).","username":"diosito"}
{"ip":"::1","level":"error","message":"Positional replacement (?) 0 has no entry in the replacement map (replacements[0] is undefined).","username":"diosito"}
{"ip":"::1","level":"error","message":"Positional replacement (?) 0 has no entry in the replacement map (replacements[0] is undefined).","username":"diosito"}
{"ip":"::1","level":"error","message":"Positional replacement (?) 0 has no entry in the replacement map (replacements[0] is undefined).","username":"diosito"}
{"ip":"::1","level":"error","message":"Positional replacement (?) 0 has no entry in the replacement map (replacements[0] is undefined).","username":"diosito"}
{"ip":"::1","level":"info","message":"Perfil cargado","username":"diosito"}
{"ip":"::1","level":"info","message":"Perfil cargado","username":"diosito"}
{"ip":"::1","level":"info","message":"Perfil cargado","username":"diosito"}
{"ip":"::1","level":"info","message":"Perfil cargado","username":"diosito"}
{"ip":"::1","level":"info","message":"Perfil cargado","username":"diosito"}
{"ip":"::1","level":"info","message":"Perfil cargado","username":"diosito"}
{"ip":"::1","level":"info","message":"Perfil cargado","username":"diosito"}
{"ip":"::1","level":"info","message":"Perfil cargado","username":"diosito"}
{"ip":"::1","level":"info","message":"Perfil cargado","username":"diosito"}
{"ip":"::1","level":"info","message":"Perfil cargado","username":"diosito"}
{"ip":"::1","level":"info","message":"Perfil cargado","username":"diosito"}
{"ip":"::1","level":"info","message":"Perfil cargado","username":"diosito"}
{"ip":"::1","level":"info","message":"Perfil cargado","username":"diosito"}
{"ip":"::1","level":"info","message":"Perfil cargado","username":"diosito"}
{"ip":"::1","level":"info","message":"Perfil cargado","username":"diosito"}
{"ip":"::1","level":"info","message":"Perfil cargado","username":"diosito"}
{"ip":"::1","level":"info","message":"Perfil cargado","username":"diosito"}
{"ip":"::1","level":"info","message":"Perfil cargado","username":"diosito"}
{"ip":"::1","level":"info","message":"Login exitoso","username":null}
{"ip":"::1","level":"info","message":"Perfil cargado","username":"diosito"}
{"ip":"::1","level":"info","message":"Perfil cargado","username":"diosito"}
{"ip":"::1","level":"info","message":"Perfil cargado","username":"diosito"}
{"ip":"::1","level":"info","message":"Perfil cargado","username":"diosito"}
{"ip":"::1","level":"info","message":"Perfil cargado","username":"diosito"}
{"ip":"::1","level":"info","message":"Perfil cargado","username":"diosito"}
{"ip":"::1","level":"info","message":"Perfil cargado","username":"diosito"}
{"ip":"::1","level":"info","message":"Perfil cargado","username":"diosito"}
{"ip":"::1","level":"info","message":"Perfil cargado","username":"diosito"}
{"ip":"::1","level":"info","message":"Perfil cargado","username":"diosito"}
{"ip":"::1","level":"info","message":"Perfil cargado","username":"diosito"}
{"ip":"::1","level":"info","message":"Perfil cargado","username":"diosito"}
{"ip":"::1","level":"info","message":"Perfil cargado","username":"diosito"}
{"ip":"::1","level":"info","message":"Perfil cargado","username":"diosito"}
{"ip":"::1","level":"info","message":"Perfil cargado","username":"diosito"}
{"ip":"::1","level":"info","message":"Perfil cargado","username":"diosito"}
{"ip":"::1","level":"info","message":"Perfil cargado","username":"diosito"}
{"ip":"::1","level":"info","message":"Perfil cargado","username":"diosito"}
{"ip":"::1","level":"info","message":"Perfil cargado","username":"diosito"}
{"ip":"::1","level":"info","message":"Perfil cargado","username":"diosito"}
{"ip":"::1","level":"info","message":"Perfil cargado","username":"diosito"}
{"ip":"::1","level":"info","message":"Perfil cargado","username":"diosito"}
{"ip":"::1","level":"info","message":"Perfil cargado","username":"diosito"}
{"ip":"::1","level":"info","message":"Perfil cargado","username":"diosito"}
{"ip":"::1","level":"info","message":"Perfil cargado","username":"diosito"}
{"ip":"::1","level":"info","message":"Perfil cargado","username":"diosito"}
{"ip":"::1","level":"info","message":"Perfil cargado","username":"diosito"}
{"ip":"::1","level":"info","message":"Perfil cargado","username":"diosito"}
{"ip":"::1","level":"info","message":"Perfil cargado","username":"diosito"}
{"ip":"::1","level":"info","message":"Perfil cargado","username":"diosito"}
{"ip":"::1","level":"info","message":"Perfil cargado","username":"diosito"}
{"ip":"::1","level":"info","message":"Perfil cargado","username":"diosito"}
{"ip":"::1","level":"info","message":"Perfil cargado","username":"diosito"}
{"ip":"::1","level":"info","message":"Perfil cargado","username":"diosito"}
{"ip":"::1","level":"info","message":"Perfil cargado","username":"diosito"}
{"ip":"::1","level":"info","message":"Perfil cargado","username":"diosito"}
{"ip":"::1","level":"info","message":"Perfil cargado","username":"diosito"}
{"ip":"::1","level":"info","message":"Login exitoso","username":null}
{"ip":"::1","level":"error","message":"Error interno del servidor","username":null}
{"ip":"::1","level":"info","message":"Login exitoso","username":null}
{"ip":"::1","level":"error","message":"Error interno del servidor","username":null}
{"ip":"::1","level":"info","message":"Login exitoso","username":null}
{"ip":"::1","level":"error","message":"Error interno del servidor","username":null}
{"ip":"::1","level":"info","message":"Login exitoso","username":null}
{"ip":"::1","level":"error","message":"Error interno del servidor","username":null}
{"ip":"::1","level":"info","message":"Login exitoso","username":null}
{"ip":"::1","level":"info","message":"Login exitoso","username":null}
{"ip":"::1","level":"info","message":"Login exitoso","username":null}
{"ip":"::1","level":"info","message":"Login exitoso","username":null}
{"ip":"::1","level":"info","message":"Perfil cargado","username":"danndato"}
{"ip":"::1","level":"info","message":"Perfil cargado","username":"danndato"}
{"ip":"::1","level":"info","message":"Perfil cargado","username":"danndato"}
{"ip":"::1","level":"info","message":"Perfil cargado","username":"danndato"}
{"ip":"::1","level":"info","message":"Perfil cargado","username":"danndato"}
{"ip":"::1","level":"info","message":"Perfil cargado","username":"danndato"}
{"ip":"::1","level":"info","message":"Perfil cargado","username":"danndato"}
{"ip":"::1","level":"info","message":"Login exitoso","username":null}
{"ip":"::1","level":"info","message":"Login desde dispositivo nuevo","username":null}
{"ip":"::1","level":"info","message":"Verificación de dispositivo exitosa","username":null}
{"ip":"::1","level":"info","message":"Perfil cargado","username":"danndato"}
{"ip":"::1","level":"info","message":"Perfil cargado","username":"danndato"}
{"ip":"::1","level":"info","message":"Perfil cargado","username":"danndato"}
{"ip":"::1","level":"info","message":"Perfil cargado","username":"danndato"}
{"ip":"::1","level":"info","message":"Perfil cargado","username":"danndato"}
{"ip":"::1","level":"info","message":"Perfil cargado","username":"danndato"}
{"ip":"::1","level":"info","message":"Perfil cargado","username":"danndato"}
{"ip":"::1","level":"info","message":"Perfil cargado","username":"danndato"}
{"ip":"::1","level":"info","message":"Logout global exitoso","username":"danndato"}
{"ip":"::1","level":"info","message":"Login exitoso","username":null}
{"ip":"::1","level":"info","message":"Perfil cargado","username":"diosito"}
{"ip":"::1","level":"info","message":"Perfil cargado","username":"diosito"}
{"ip":"::1","level":"info","message":"Login fallido - contraseña incorrecta","username":null}
{"ip":"::1","level":"info","message":"Login fallido - contraseña incorrecta","username":null}
{"ip":"::1","level":"info","message":"Login exitoso","username":null}
{"ip":"::1","level":"info","message":"Login desde dispositivo nuevo","username":null}
{"ip":"::1","level":"info","message":"Verificación de dispositivo exitosa","username":null}
{"ip":"::1","level":"info","message":"Perfil cargado","username":"diosito"}
{"ip":"::1","level":"info","message":"Perfil cargado","username":"diosito"}
{"ip":"::1","level":"info","message":"Perfil cargado","username":"diosito"}
{"ip":"::1","level":"info","message":"Perfil cargado","username":"diosito"}
{"ip":"::1","level":"info","message":"Logout global exitoso","username":"diosito"}
{"ip":"::1","level":"info","message":"Login exitoso","username":null}
{"ip":"::1","level":"info","message":"Menu dinámico cargado","username":"danndato"}
{"ip":"::1","level":"info","message":"Menu dinámico cargado","username":"danndato"}
{"ip":"::1","level":"info","message":"Menu dinámico cargado","username":"danndato"}
{"ip":"::1","level":"info","message":"Menu dinámico cargado","username":"danndato"}
{"ip":"::1","level":"info","message":"Menu dinámico cargado","username":"danndato"}
{"ip":"::1","level":"info","message":"Menu dinámico cargado","username":"danndato"}
{"ip":"::1","level":"info","message":"Perfil cargado","username":"danndato"}
{"ip":"::1","level":"info","message":"Perfil cargado","username":"danndato"}
{"ip":"::1","level":"info","message":"Perfil cargado","username":"danndato"}
{"ip":"::1","level":"info","message":"Perfil cargado","username":"danndato"}
{"ip":"::1","level":"info","message":"Logout exitoso","username":"danndato"}
{"ip":"::1","level":"info","message":"Login fallido - contraseña incorrecta","username":null}
{"ip":"::1","level":"info","message":"Login exitoso","username":null}
{"ip":"::1","level":"info","message":"Menu dinámico cargado","username":"xenogamegd"}
{"ip":"::1","level":"info","message":"Menu dinámico cargado","username":"xenogamegd"}
{"ip":"::1","level":"info","message":"Perfil cargado","username":"xenogamegd"}
{"ip":"::1","level":"info","message":"Perfil cargado","username":"xenogamegd"}
{"ip":"::1","level":"info","message":"Menu dinámico cargado","username":"xenogamegd"}
{"ip":"::1","level":"info","message":"Menu dinámico cargado","username":"xenogamegd"}
{"ip":"::1","level":"info","message":"Menu dinámico cargado","username":"xenogamegd"}
{"ip":"::1","level":"info","message":"Menu dinámico cargado","username":"xenogamegd"}
{"ip":"::1","level":"info","message":"Menu dinámico cargado","username":"xenogamegd"}
{"ip":"::1","level":"info","message":"Menu dinámico cargado","username":"xenogamegd"}
{"ip":"::1","level":"info","message":"Scopes de usuario actualizados","username":"xenogamegd"}
{"ip":"::1","level":"info","message":"Menu dinámico cargado","username":"xenogamegd"}
{"ip":"::1","level":"info","message":"Menu dinámico cargado","username":"xenogamegd"}
{"ip":"::1","level":"info","message":"Menu dinámico cargado","username":"xenogamegd"}
{"ip":"::1","level":"info","message":"Menu dinámico cargado","username":"xenogamegd"}
{"ip":"::1","level":"info","message":"Menu dinámico cargado","username":"xenogamegd"}
{"ip":"::1","level":"info","message":"Menu dinámico cargado","username":"xenogamegd"}
{"ip":"::1","level":"info","message":"Rol de usuario actualizado con preset de scopes","username":"xenogamegd"}
{"ip":"::1","level":"info","message":"Logout exitoso","username":"xenogamegd"}
{"ip":"::1","level":"info","message":"Login exitoso","username":null}
{"ip":"::1","level":"info","message":"Menu dinámico cargado","username":"xenogamegd"}
{"ip":"::1","level":"info","message":"Menu dinámico cargado","username":"xenogamegd"}
{"ip":"::1","level":"info","message":"Menu dinámico cargado","username":"xenogamegd"}
{"ip":"::1","level":"info","message":"Menu dinámico cargado","username":"xenogamegd"}
{"ip":"::1","level":"info","message":"Logout exitoso","username":"xenogamegd"}
{"ip":"::1","level":"info","message":"Login exitoso","username":null}
{"ip":"::1","level":"info","message":"Menu dinámico cargado","username":"danndato"}
{"ip":"::1","level":"info","message":"Menu dinámico cargado","username":"danndato"}
{"ip":"::1","level":"info","message":"Perfil cargado","username":"danndato"}
{"ip":"::1","level":"info","message":"Perfil cargado","username":"danndato"}
{"ip":"::1","level":"info","message":"Scopes de usuario actualizados","username":"danndato"}
{"ip":"::1","level":"info","message":"Menu dinámico cargado","username":"danndato"}
{"ip":"::1","level":"info","message":"Menu dinámico cargado","username":"danndato"}
{"ip":"::1","level":"info","message":"Login exitoso","username":null}
{"ip":"::1","level":"info","message":"Menu dinámico cargado","username":"xenogamegd"}
{"ip":"::1","level":"info","message":"Menu dinámico cargado","username":"xenogamegd"}
{"ip":"::1","level":"info","message":"Perfil cargado","username":"xenogamegd"}
{"ip":"::1","level":"info","message":"Perfil cargado","username":"xenogamegd"}
{"ip":"::1","level":"info","message":"Perfil cargado","username":"xenogamegd"}
{"ip":"::1","level":"info","message":"Perfil cargado","username":"xenogamegd"}
{"ip":"::1","level":"info","message":"Perfil cargado","username":"xenogamegd"}
{"ip":"::1","level":"info","message":"Perfil cargado","username":"xenogamegd"}
{"ip":"::1","level":"info","message":"Menu dinámico cargado","username":"danndato"}
{"ip":"::1","level":"info","message":"Menu dinámico cargado","username":"danndato"}
{"ip":"::1","level":"info","message":"Perfil cargado","username":"danndato"}
{"ip":"::1","level":"info","message":"Perfil cargado","username":"danndato"}
{"ip":"::1","level":"info","message":"Perfil cargado","username":"danndato"}
{"ip":"::1","level":"info","message":"Perfil cargado","username":"danndato"}
{"ip":"::1","level":"info","message":"Perfil cargado","username":"danndato"}
{"ip":"::1","level":"info","message":"Perfil cargado","username":"danndato"}
{"ip":"::1","level":"info","message":"Perfil cargado","username":"danndato"}
{"ip":"::1","level":"info","message":"Perfil cargado","username":"danndato"}
{"ip":"::1","level":"info","message":"Menu dinámico cargado","username":"danndato"}
{"ip":"::1","level":"info","message":"Menu dinámico cargado","username":"danndato"}
{"ip":"::1","level":"info","message":"Menu dinámico cargado","username":"danndato"}
{"ip":"::1","level":"info","message":"Menu dinámico cargado","username":"danndato"}
{"ip":"::1","level":"info","message":"Menu dinámico cargado","username":"danndato"}
{"ip":"::1","level":"info","message":"Menu dinámico cargado","username":"danndato"}
